<?xml version="1.0" encoding="UTF-8" ?>
<testsuite errors="0" failures="2" hostname="pop-os" name="ldv9_JUnit.JUnitTest" skipped="0" tests="2" time="0.127" timestamp="2022-11-28T20:22:30">
  <properties>
    <property name="libs.spring-framework300.classpath" value="/app/netbeans/platform/modules/org-apache-commons-logging.jar:/app/netbeans/java/modules/ext/cglib-2.2.jar:/app/netbeans/java/modules/ext/spring-3.0/spring-aop-3.2.18.RELEASE.jar:/app/netbeans/java/modules/ext/spring-3.0/spring-aspects-3.2.18.RELEASE.jar:/app/netbeans/java/modules/ext/spring-3.0/spring-beans-3.2.18.RELEASE.jar:/app/netbeans/java/modules/ext/spring-3.0/spring-context-3.2.18.RELEASE.jar:/app/netbeans/java/modules/ext/spring-3.0/spring-context-support-3.2.18.RELEASE.jar:/app/netbeans/java/modules/ext/spring-3.0/spring-core-3.2.18.RELEASE.jar:/app/netbeans/java/modules/ext/spring-3.0/spring-expression-3.2.18.RELEASE.jar:/app/netbeans/java/modules/ext/spring-3.0/spring-instrument-3.2.18.RELEASE.jar:/app/netbeans/java/modules/ext/spring-3.0/spring-instrument-tomcat-3.2.18.RELEASE.jar:/app/netbeans/java/modules/ext/spring-3.0/spring-jdbc-3.2.18.RELEASE.jar:/app/netbeans/java/modules/ext/spring-3.0/spring-jms-3.2.18.RELEASE.jar:/app/netbeans/java/modules/ext/spring-3.0/spring-orm-3.2.18.RELEASE.jar:/app/netbeans/java/modules/ext/spring-3.0/spring-oxm-3.2.18.RELEASE.jar:/app/netbeans/java/modules/ext/spring-3.0/spring-struts-3.2.18.RELEASE.jar:/app/netbeans/java/modules/ext/spring-3.0/spring-test-3.2.18.RELEASE.jar:/app/netbeans/java/modules/ext/spring-3.0/spring-tx-3.2.18.RELEASE.jar:/app/netbeans/java/modules/ext/spring-3.0/spring-web-3.2.18.RELEASE.jar:/app/netbeans/java/modules/ext/spring-3.0/spring-webmvc-3.2.18.RELEASE.jar:/app/netbeans/java/modules/ext/spring-3.0/spring-webmvc-portlet-3.2.18.RELEASE.jar" />
    <property name="javac.test.classpath" value="/home/dmitriy/PSU/javasql/LDV9_LAB8_Java/LDV9_LAB8_Java/lib/javafx-swt.jar:/home/dmitriy/PSU/javasql/LDV9_LAB8_Java/LDV9_LAB8_Java/lib/javafx.base.jar:/home/dmitriy/PSU/javasql/LDV9_LAB8_Java/LDV9_LAB8_Java/lib/javafx.controls.jar:/home/dmitriy/PSU/javasql/LDV9_LAB8_Java/LDV9_LAB8_Java/lib/javafx.fxml.jar:/home/dmitriy/PSU/javasql/LDV9_LAB8_Java/LDV9_LAB8_Java/lib/javafx.graphics.jar:/home/dmitriy/PSU/javasql/LDV9_LAB8_Java/LDV9_LAB8_Java/lib/javafx.media.jar:/home/dmitriy/PSU/javasql/LDV9_LAB8_Java/LDV9_LAB8_Java/lib/javafx.swing.jar:/home/dmitriy/PSU/javasql/LDV9_LAB8_Java/LDV9_LAB8_Java/lib/javafx.web.jar:build/classes:/app/netbeans/platform/modules/ext/junit-4.13.2.jar:/app/netbeans/platform/modules/ext/hamcrest-core-1.3.jar" />
    <property name="java.specification.version" value="11" />
    <property name="platforms.Oracle_OpenJDK_8.0.342_7.compiler" value="modern" />
    <property name="libs.spring-framework500.classpath" value="/app/netbeans/platform/modules/org-apache-commons-logging.jar:/app/netbeans/java/modules/ext/cglib-2.2.jar:/app/netbeans/java/modules/ext/spring-5/spring-aop-5.2.9.RELEASE.jar:/app/netbeans/java/modules/ext/spring-5/spring-aspects-5.2.9.RELEASE.jar:/app/netbeans/java/modules/ext/spring-5/spring-beans-5.2.9.RELEASE.jar:/app/netbeans/java/modules/ext/spring-5/spring-context-5.2.9.RELEASE.jar:/app/netbeans/java/modules/ext/spring-5/spring-context-indexer-5.2.9.RELEASE.jar:/app/netbeans/java/modules/ext/spring-5/spring-context-support-5.2.9.RELEASE.jar:/app/netbeans/java/modules/ext/spring-5/spring-core-5.2.9.RELEASE.jar:/app/netbeans/java/modules/ext/spring-5/spring-expression-5.2.9.RELEASE.jar:/app/netbeans/java/modules/ext/spring-5/spring-instrument-5.2.9.RELEASE.jar:/app/netbeans/java/modules/ext/spring-5/spring-jcl-5.2.9.RELEASE.jar:/app/netbeans/java/modules/ext/spring-5/spring-jdbc-5.2.9.RELEASE.jar:/app/netbeans/java/modules/ext/spring-5/spring-jms-5.2.9.RELEASE.jar:/app/netbeans/java/modules/ext/spring-5/spring-messaging-5.2.9.RELEASE.jar:/app/netbeans/java/modules/ext/spring-5/spring-orm-5.2.9.RELEASE.jar:/app/netbeans/java/modules/ext/spring-5/spring-oxm-5.2.9.RELEASE.jar:/app/netbeans/java/modules/ext/spring-5/spring-test-5.2.9.RELEASE.jar:/app/netbeans/java/modules/ext/spring-5/spring-tx-5.2.9.RELEASE.jar:/app/netbeans/java/modules/ext/spring-5/spring-web-5.2.9.RELEASE.jar:/app/netbeans/java/modules/ext/spring-5/spring-webflux-5.2.9.RELEASE.jar:/app/netbeans/java/modules/ext/spring-5/spring-webmvc-5.2.9.RELEASE.jar:/app/netbeans/java/modules/ext/spring-5/spring-websocket-5.2.9.RELEASE.jar" />
    <property name="jar.index.metainf" value="false" />
    <property name="jnlp.signing.keystore" value="" />
    <property name="libs.spring-webmvc4.0.javadoc" value="" />
    <property name="libs.spring-framework400.classpath" value="/app/netbeans/platform/modules/org-apache-commons-logging.jar:/app/netbeans/java/modules/ext/cglib-2.2.jar:/app/netbeans/java/modules/ext/spring-4/spring-aop-4.3.29.RELEASE.jar:/app/netbeans/java/modules/ext/spring-4/spring-aspects-4.3.29.RELEASE.jar:/app/netbeans/java/modules/ext/spring-4/spring-beans-4.3.29.RELEASE.jar:/app/netbeans/java/modules/ext/spring-4/spring-context-4.3.29.RELEASE.jar:/app/netbeans/java/modules/ext/spring-4/spring-context-support-4.3.29.RELEASE.jar:/app/netbeans/java/modules/ext/spring-4/spring-core-4.3.29.RELEASE.jar:/app/netbeans/java/modules/ext/spring-4/spring-expression-4.3.29.RELEASE.jar:/app/netbeans/java/modules/ext/spring-4/spring-instrument-4.3.29.RELEASE.jar:/app/netbeans/java/modules/ext/spring-4/spring-instrument-tomcat-4.3.29.RELEASE.jar:/app/netbeans/java/modules/ext/spring-4/spring-jdbc-4.3.29.RELEASE.jar:/app/netbeans/java/modules/ext/spring-4/spring-jms-4.3.29.RELEASE.jar:/app/netbeans/java/modules/ext/spring-4/spring-messaging-4.3.29.RELEASE.jar:/app/netbeans/java/modules/ext/spring-4/spring-orm-4.3.29.RELEASE.jar:/app/netbeans/java/modules/ext/spring-4/spring-oxm-4.3.29.RELEASE.jar:/app/netbeans/java/modules/ext/spring-4/spring-test-4.3.29.RELEASE.jar:/app/netbeans/java/modules/ext/spring-4/spring-tx-4.3.29.RELEASE.jar:/app/netbeans/java/modules/ext/spring-4/spring-web-4.3.29.RELEASE.jar:/app/netbeans/java/modules/ext/spring-4/spring-webmvc-4.3.29.RELEASE.jar:/app/netbeans/java/modules/ext/spring-4/spring-webmvc-portlet-4.3.29.RELEASE.jar:/app/netbeans/java/modules/ext/spring-4/spring-websocket-4.3.29.RELEASE.jar" />
    <property name="test.binaryincludes" value="&lt;nothing&gt;" />
    <property name="do.jlink" value="false" />
    <property name="debug-transport" value="dt_socket" />
    <property name="libs.javaee-web-api-8.0.src" value="" />
    <property name="java.vendor.url" value="https://flathub.org" />
    <property name="debug.modulepath" value=":/home/dmitriy/PSU/javasql/LDV9_LAB8_Java/LDV9_LAB8_Java/lib/javafx-swt.jar:/home/dmitriy/PSU/javasql/LDV9_LAB8_Java/LDV9_LAB8_Java/lib/javafx.base.jar:/home/dmitriy/PSU/javasql/LDV9_LAB8_Java/LDV9_LAB8_Java/lib/javafx.controls.jar:/home/dmitriy/PSU/javasql/LDV9_LAB8_Java/LDV9_LAB8_Java/lib/javafx.fxml.jar:/home/dmitriy/PSU/javasql/LDV9_LAB8_Java/LDV9_LAB8_Java/lib/javafx.graphics.jar:/home/dmitriy/PSU/javasql/LDV9_LAB8_Java/LDV9_LAB8_Java/lib/javafx.media.jar:/home/dmitriy/PSU/javasql/LDV9_LAB8_Java/LDV9_LAB8_Java/lib/javafx.swing.jar:/home/dmitriy/PSU/javasql/LDV9_LAB8_Java/LDV9_LAB8_Java/lib/javafx.web.jar" />
    <property name="libs.eclipselink.javadoc" value="/app/netbeans/java/modules/ext/docs/jakarta.persistence-2.2.3-doc.zip" />
    <property name="libs.jsp-compilation.src" value="" />
    <property name="libs.JWSAntTasks.javadoc" value="" />
    <property name="sun.boot.library.path" value="/app/jdk/lib" />
    <property name="sun.java.command" value="org.apache.tools.ant.taskdefs.optional.junit.JUnitTestRunner ldv9_JUnit.JUnitTest skipNonTests=false filtertrace=true haltOnError=false haltOnFailure=false showoutput=true outputtoformatters=true logfailedtests=true threadid=0 logtestlistenerevents=true formatter=org.apache.tools.ant.taskdefs.optional.junit.BriefJUnitResultFormatter formatter=org.apache.tools.ant.taskdefs.optional.junit.XMLJUnitResultFormatter,/home/dmitriy/PSU/javasql/LDV9_LAB8_Java/LDV9_LAB8_Java/build/test/results/TEST-ldv9_JUnit.JUnitTest.xml crashfile=/home/dmitriy/PSU/javasql/LDV9_LAB8_Java/LDV9_LAB8_Java/build/junitvmwatcher2796363165301400209.properties propsfile=/home/dmitriy/PSU/javasql/LDV9_LAB8_Java/LDV9_LAB8_Java/build/junit17626663501079279701.properties" />
    <property name="jdk.debug" value="release" />
    <property name="libs.spring-framework300.src" value="" />
    <property name="javadoc.use" value="true" />
    <property name="javadoc.notree" value="false" />
    <property name="basedir" value="/home/dmitriy/PSU/javasql/LDV9_LAB8_Java/LDV9_LAB8_Java" />
    <property name="application.vendor" value="dmitriy" />
    <property name="java.vm.specification.vendor" value="Oracle Corporation" />
    <property name="java.specification.name" value="Java Platform API Specification" />
    <property name="libs.jsf20.classpath" value="/app/netbeans/enterprise/modules/ext/jsf-2_2/javax.faces.jar" />
    <property name="netbeans.extbrowser.manual_chrome_plugin_install" value="yes" />
    <property name="netbeans.default_userdir_root" value="/home/dmitriy/.netbeans" />
    <property name="libs.spring-framework500.javadoc" value="" />
    <property name="libs.jsp-compilation-syscp.src" value="" />
    <property name="jdk.home" value="/app/jdk" />
    <property name="java.runtime.version" value="11.0.14+8" />
    <property name="libs.eclipselink.maven-pom" value="" />
    <property name="libs.metro.maven-pom" value="" />
    <property name="libs.JAXB-ENDORSED.javadoc" value="" />
    <property name="sun.java2d.noddraw" value="true" />
    <property name="sun.zip.disableMemoryMapping" value="true" />
    <property name="jnidispatch.path" value="/home/dmitriy/.var/app/org.apache.netbeans/cache/JNA/temp/jna11683923085151212054.tmp" />
    <property name="libs.jsp-compilation.javadoc" value="" />
    <property name="libs.jsf12.src" value="" />
    <property name="libs.primefaces.javadoc" value="" />
    <property name="libs.groovy-all.maven-pom" value="" />
    <property name="libs.restapi.src" value="" />
    <property name="java.vendor.version" value="18.9" />
    <property name="libs.junit_5.javadoc" value="/app/netbeans/platform/docs/junit-jupiter-api-5.6.0-javadoc.jar:/app/netbeans/platform/docs/junit-jupiter-params-5.6.0-javadoc.jar:/app/netbeans/platform/docs/junit-jupiter-engine-5.6.0-javadoc.jar" />
    <property name="jnlp.enabled" value="false" />
    <property name="dist.archive.excludes" value="" />
    <property name="java.io.tmpdir" value="/tmp" />
    <property name="java.version" value="11.0.14" />
    <property name="libs.jakartaee-api-8.0.javadoc" value="/app/netbeans/enterprise/docs/jakartaee8-doc-api.jar" />
    <property name="java.vm.specification.name" value="Java Virtual Machine Specification" />
    <property name="platforms.Oracle_OpenJDK_8.0.342_7.home" value="/home/dmitriy/NetBeansJDKs/OpenJDK8U-jdk_x64_linux_8u342b07.tar/openjdk-8u342-b07" />
    <property name="libs.hamcrest.src" value="" />
    <property name="java.library.path" value=":/usr/java/packages/lib:/usr/lib64:/lib64:/lib:/usr/lib" />
    <property name="java.vendor" value="Flathub" />
    <property name="libs.testng.javadoc" value="/app/netbeans/platform/docs/testng-6.13.1-javadoc.jar" />
    <property name="libs.groovy-all.src" value="" />
    <property name="meta.inf.dir" value="src/META-INF" />
    <property name="run.upgrademodulepath" value="" />
    <property name="compile.on.save" value="false" />
    <property name="jlink.additionalparam" value="" />
    <property name="libs.testng.maven-pom" value="" />
    <property name="org.openide.version" value="deprecated" />
    <property name="run.classpath" value="/home/dmitriy/PSU/javasql/LDV9_LAB8_Java/LDV9_LAB8_Java/lib/javafx-swt.jar:/home/dmitriy/PSU/javasql/LDV9_LAB8_Java/LDV9_LAB8_Java/lib/javafx.base.jar:/home/dmitriy/PSU/javasql/LDV9_LAB8_Java/LDV9_LAB8_Java/lib/javafx.controls.jar:/home/dmitriy/PSU/javasql/LDV9_LAB8_Java/LDV9_LAB8_Java/lib/javafx.fxml.jar:/home/dmitriy/PSU/javasql/LDV9_LAB8_Java/LDV9_LAB8_Java/lib/javafx.graphics.jar:/home/dmitriy/PSU/javasql/LDV9_LAB8_Java/LDV9_LAB8_Java/lib/javafx.media.jar:/home/dmitriy/PSU/javasql/LDV9_LAB8_Java/LDV9_LAB8_Java/lib/javafx.swing.jar:/home/dmitriy/PSU/javasql/LDV9_LAB8_Java/LDV9_LAB8_Java/lib/javafx.web.jar:build/classes" />
    <property name="libs.jaxb.src" value="" />
    <property name="sun.awt.enableExtraMouseButtons" value="true" />
    <property name="org.openide.major.version" value="IDE/1" />
    <property name="libs.spring-framework300.javadoc" value="" />
    <property name="ap.proc.none.internal" value="" />
    <property name="org.openide.specification.version" value="6.2" />
    <property name="user.timezone" value="" />
    <property name="jar.index" value="false" />
    <property name="libs.jpa20-persistence.classpath" value="/app/netbeans/java/modules/ext/eclipselink/jakarta.persistence-2.2.3.jar" />
    <property name="libs.junit_5.classpath" value="/app/netbeans/platform/modules/ext/junit-jupiter-api-5.6.0.jar:/app/netbeans/platform/modules/ext/junit-jupiter-params-5.6.0.jar:/app/netbeans/platform/modules/ext/junit-jupiter-engine-5.6.0.jar" />
    <property name="libs.eclipselinkmodelgen.javadoc" value="" />
    <property name="java.vm.specification.version" value="11" />
    <property name="javadoc.noindex" value="false" />
    <property name="javadoc.private" value="false" />
    <property name="libs.MyLibrary.maven-pom" value="" />
    <property name="libs.spring-webmvc4.0.maven-pom" value="" />
    <property name="libs.JAXB-ENDORSED.maven-pom" value="" />
    <property name="user.home" value="/home/dmitriy" />
    <property name="libs.eclipselinkmodelgen.maven-pom" value="" />
    <property name="have.sources" value="true" />
    <property name="annotation.processing.processors.list" value="" />
    <property name="jlink.launcher" value="true" />
    <property name="javac.deprecation" value="false" />
    <property name="manifest.custom.caller.allowable.codebase" value="" />
    <property name="build.generated.sources.dir" value="build/generated-sources" />
    <property name="plugin.manager.check.updates" value="false" />
    <property name="netbeans.autoupdate.language" value="ru" />
    <property name="libs.eclipselinkmodelgen.src" value="" />
    <property name="build.compiler.emacs" value="true" />
    <property name="build.classes.excludes" value="**/*.java,**/*.form" />
    <property name="dist.jar" value="dist/LDV9_LAB8_Java.jar" />
    <property name="libs.jakartaee-web-api-9.0.classpath" value="/app/netbeans/enterprise/modules/ext/jakarta.jakartaee-web-api-9.0.0.jar" />
    <property name="libs.spring-webmvc4.0.classpath" value="/app/netbeans/java/modules/ext/spring-4/spring-webmvc-4.3.29.RELEASE.jar" />
    <property name="modules.supported.internal" value="true" />
    <property name="libs.javaee-endorsed-api-7.0.javadoc" value="/app/netbeans/enterprise/docs/javaee-doc-api.jar" />
    <property name="os.version" value="6.0.6-76060006-generic" />
    <property name="netbeans.home" value="/app/netbeans/platform" />
    <property name="libs.CopyLibs.javadoc" value="" />
    <property name="debug-transport-by-os" value="dt_socket" />
    <property name="libs.jsf20.src" value="" />
    <property name="libs.javaee-api-8.0.javadoc" value="/app/netbeans/enterprise/docs/javaee-doc-api.jar" />
    <property name="java.vm.name" value="OpenJDK 64-Bit Server VM" />
    <property name="unnamed.module.internal" value="true" />
    <property name="libs.jstl.javadoc" value="/app/netbeans/enterprise/docs/javaee-doc-api.jar" />
    <property name="libs.javaee-endorsed-api-7.0.maven-pom" value="" />
    <property name="libs.jaxws21.classpath" value="/app/netbeans/java/modules/ext/jaxws22/api/jakarta.jws-api.jar:/app/netbeans/java/modules/ext/jaxws22/api/jakarta.xml.soap-api.jar:/app/netbeans/java/modules/ext/jaxws22/api/jakarta.xml.ws-api.jar:/app/netbeans/java/modules/ext/jaxws22/FastInfoset.jar:/app/netbeans/java/modules/ext/jaxws22/gmbal-api-only.jar:/app/netbeans/java/modules/ext/jaxws22/ha-api.jar:/app/netbeans/java/modules/ext/jaxws22/jakarta.mail.jar:/app/netbeans/java/modules/ext/jaxws22/jaxws-rt.jar:/app/netbeans/java/modules/ext/jaxws22/jaxws-tools.jar:/app/netbeans/java/modules/ext/jaxws22/management-api.jar:/app/netbeans/java/modules/ext/jaxws22/mimepull.jar:/app/netbeans/java/modules/ext/jaxws22/policy.jar:/app/netbeans/java/modules/ext/jaxws22/saaj-impl.jar:/app/netbeans/java/modules/ext/jaxws22/stax-ex.jar:/app/netbeans/java/modules/ext/jaxws22/stax2-api.jar:/app/netbeans/java/modules/ext/jaxws22/streambuffer.jar:/app/netbeans/java/modules/ext/jaxws22/woodstox-core.jar:/app/netbeans/ide/modules/ext/jaxb/api/jaxb-api.jar:/app/netbeans/ide/modules/ext/jaxb/activation.jar:/app/netbeans/ide/modules/ext/jaxb/jaxb-impl.jar:/app/netbeans/ide/modules/ext/jaxb/jaxb-xjc.jar" />
    <property name="libs.restapi.classpath" value="/app/netbeans/enterprise/modules/ext/jaxrs-2.1/jakarta.ws.rs-api-2.1.6.jar" />
    <property name="os.arch" value="amd64" />
    <property name="build.generated.dir" value="build/generated" />
    <property name="libs.groovy-all.javadoc" value="" />
    <property name="libs.jakartaee-api-8.0.classpath" value="/app/netbeans/enterprise/modules/ext/jakarta.jakartaee-api-8.0.0.jar" />
    <property name="libs.javaee-web-api-7.0.javadoc" value="/app/netbeans/enterprise/docs/javaee-doc-api.jar" />
    <property name="libs.javaee-endorsed-api-6.0.src" value="" />
    <property name="jnlp.descriptor" value="application" />
    <property name="libs.jsf12.maven-pom" value="" />
    <property name="libs.javaee-endorsed-api-7.0.classpath" value="/app/netbeans/enterprise/modules/ext/javaee7-endorsed/javax.annotation-api.jar:/app/netbeans/enterprise/modules/ext/javaee7-endorsed/javax.xml.soap-api.jar:/app/netbeans/enterprise/modules/ext/javaee7-endorsed/jaxb-api-osgi.jar:/app/netbeans/enterprise/modules/ext/javaee7-endorsed/jaxws-api.jar:/app/netbeans/enterprise/modules/ext/javaee7-endorsed/jsr181-api.jar" />
    <property name="libs.primefaces.maven-pom" value="" />
    <property name="org.netbeans.io.suspend" value="0" />
    <property name="awt.toolkit" value="sun.awt.X11.XToolkit" />
    <property name="ant.project.name" value="LDV9_LAB8_Java" />
    <property name="dist.javadoc.dir" value="dist/javadoc" />
    <property name="default.javac.target" value="11" />
    <property name="javac.fork" value="true" />
    <property name="libs.eclipselink.classpath" value="/app/netbeans/java/modules/ext/eclipselink/org.eclipse.persistence.core-2.7.10.jar:/app/netbeans/java/modules/ext/eclipselink/org.eclipse.persistence.asm-9.2.0.jar:/app/netbeans/java/modules/ext/eclipselink/org.eclipse.persistence.antlr-2.7.10.jar:/app/netbeans/java/modules/ext/eclipselink/org.eclipse.persistence.jpa-2.7.10.jar:/app/netbeans/java/modules/ext/eclipselink/org.eclipse.persistence.jpa.jpql-2.7.10.jar:/app/netbeans/java/modules/ext/eclipselink/org.eclipse.persistence.moxy-2.7.10.jar:/app/netbeans/java/modules/ext/eclipselink/jakarta.persistence-2.2.3.jar" />
    <property name="libs.struts.classpath" value="/app/netbeans/enterprise/modules/ext/struts/antlr-2.7.2.jar:/app/netbeans/enterprise/modules/ext/struts/bsf-2.3.0.jar:/app/netbeans/enterprise/modules/ext/struts/commons-beanutils-1.8.0.jar:/app/netbeans/enterprise/modules/ext/struts/commons-chain-1.2.jar:/app/netbeans/enterprise/modules/ext/struts/commons-digester-1.8.jar:/app/netbeans/enterprise/modules/ext/struts/commons-fileupload-1.1.1.jar:/app/netbeans/enterprise/modules/ext/struts/commons-io-1.1.jar:/app/netbeans/enterprise/modules/ext/struts/commons-logging-1.0.4.jar:/app/netbeans/enterprise/modules/ext/struts/commons-validator-1.3.1.jar:/app/netbeans/enterprise/modules/ext/struts/jstl-1.0.2.jar:/app/netbeans/enterprise/modules/ext/struts/oro-2.0.8.jar:/app/netbeans/enterprise/modules/ext/struts/standard-1.0.6.jar:/app/netbeans/enterprise/modules/ext/struts/struts-core-1.3.10.jar:/app/netbeans/enterprise/modules/ext/struts/struts-el-1.3.10.jar:/app/netbeans/enterprise/modules/ext/struts/struts-extras-1.3.10.jar:/app/netbeans/enterprise/modules/ext/struts/struts-faces-1.3.10.jar:/app/netbeans/enterprise/modules/ext/struts/struts-mailreader-dao-1.3.10.jar:/app/netbeans/enterprise/modules/ext/struts/struts-scripting-1.3.10.jar:/app/netbeans/enterprise/modules/ext/struts/struts-taglib-1.3.10.jar:/app/netbeans/enterprise/modules/ext/struts/struts-tiles-1.3.10.jar" />
    <property name="libs.MyLibrary.javadoc" value="" />
    <property name="libs.PostgreSQLDriver.maven-pom" value="" />
    <property name="libs.absolutelayout.src" value="" />
    <property name="testng.mode" value="testng" />
    <property name="annotation.processing.enabled.in.editor" value="false" />
    <property name="java.vm.compressedOopsMode" value="32-bit" />
    <property name="netbeans.productversion" value="Apache NetBeans IDE 15" />
    <property name="mkdist.disabled" value="true" />
    <property name="libs.javaee-web-api-6.0.javadoc" value="/app/netbeans/enterprise/docs/javaee-doc-api.jar" />
    <property name="libs.groovy-all.classpath" value="/app/netbeans/groovy/modules/ext/groovy-3.0.8.jar:/app/netbeans/groovy/modules/ext/groovy-ant-3.0.8.jar" />
    <property name="libs.javaee-api-7.0.maven-pom" value="" />
    <property name="libs.absolutelayout.javadoc" value="" />
    <property name="module.build.classes.dir" value="build/classes" />
    <property name="platforms.Oracle_OpenJDK_17.0.2_8.home" value="/home/dmitriy/NetBeansJDKs/openjdk-17.0.2_linux-x64_bin.tar/jdk-17.0.2" />
    <property name="annotation.processing.processor.options" value="" />
    <property name="libs.jaxb.maven-pom" value="" />
    <property name="libs.javaee-api-6.0.maven-pom" value="" />
    <property name="dist.dir" value="dist" />
    <property name="build.dir" value="build" />
    <property name="libs.graaljs.maven-pom" value="" />
    <property name="netbeans.autoupdate.variant" value="" />
    <property name="javadoc.version" value="false" />
    <property name="libs.metro.classpath" value="/app/netbeans/ide/modules/ext/jaxb/activation.jar:/app/netbeans/enterprise/modules/ext/metro/webservices-api.jar:/app/netbeans/enterprise/modules/ext/metro/webservices-extra-api.jar:/app/netbeans/enterprise/modules/ext/metro/webservices-extra.jar:/app/netbeans/enterprise/modules/ext/metro/webservices-rt.jar:/app/netbeans/enterprise/modules/ext/metro/webservices-tools.jar" />
    <property name="libs.metro.src" value="" />
    <property name="libs.CopyLibs.classpath" value="/app/netbeans/java/ant/extra/org-netbeans-modules-java-j2seproject-copylibstask.jar" />
    <property name="sun.os.patch.level" value="unknown" />
    <property name="javadoc.html5" value="false" />
    <property name="javac.test.processorpath" value="/home/dmitriy/PSU/javasql/LDV9_LAB8_Java/LDV9_LAB8_Java/lib/javafx-swt.jar:/home/dmitriy/PSU/javasql/LDV9_LAB8_Java/LDV9_LAB8_Java/lib/javafx.base.jar:/home/dmitriy/PSU/javasql/LDV9_LAB8_Java/LDV9_LAB8_Java/lib/javafx.controls.jar:/home/dmitriy/PSU/javasql/LDV9_LAB8_Java/LDV9_LAB8_Java/lib/javafx.fxml.jar:/home/dmitriy/PSU/javasql/LDV9_LAB8_Java/LDV9_LAB8_Java/lib/javafx.graphics.jar:/home/dmitriy/PSU/javasql/LDV9_LAB8_Java/LDV9_LAB8_Java/lib/javafx.media.jar:/home/dmitriy/PSU/javasql/LDV9_LAB8_Java/LDV9_LAB8_Java/lib/javafx.swing.jar:/home/dmitriy/PSU/javasql/LDV9_LAB8_Java/LDV9_LAB8_Java/lib/javafx.web.jar:build/classes:/app/netbeans/platform/modules/ext/junit-4.13.2.jar:/app/netbeans/platform/modules/ext/hamcrest-core-1.3.jar" />
    <property name="libs.javaee-web-api-7.0.maven-pom" value="" />
    <property name="libs.javaee-web-api-8.0.maven-pom" value="" />
    <property name="netbeans.dirs" value="/app/netbeans/nb:/app/netbeans/ergonomics:/app/netbeans/ide:/app/netbeans/extide:/app/netbeans/java:/app/netbeans/apisupport:/app/netbeans/webcommon:/app/netbeans/websvccommon:/app/netbeans/enterprise:/app/netbeans/mobility:/app/netbeans/profiler:/app/netbeans/python:/app/netbeans/php:/app/netbeans/identity:/app/netbeans/harness:/app/netbeans/cnd:/app/netbeans/cndext:/app/netbeans/cpplite:/app/netbeans/dlight:/app/netbeans/groovy:/app/netbeans/extra:/app/netbeans/javacard:/app/netbeans/javafx:" />
    <property name="libs.hamcrest.maven-pom" value="" />
    <property name="javac.processorpath" value="/home/dmitriy/PSU/javasql/LDV9_LAB8_Java/LDV9_LAB8_Java/lib/javafx-swt.jar:/home/dmitriy/PSU/javasql/LDV9_LAB8_Java/LDV9_LAB8_Java/lib/javafx.base.jar:/home/dmitriy/PSU/javasql/LDV9_LAB8_Java/LDV9_LAB8_Java/lib/javafx.controls.jar:/home/dmitriy/PSU/javasql/LDV9_LAB8_Java/LDV9_LAB8_Java/lib/javafx.fxml.jar:/home/dmitriy/PSU/javasql/LDV9_LAB8_Java/LDV9_LAB8_Java/lib/javafx.graphics.jar:/home/dmitriy/PSU/javasql/LDV9_LAB8_Java/LDV9_LAB8_Java/lib/javafx.media.jar:/home/dmitriy/PSU/javasql/LDV9_LAB8_Java/LDV9_LAB8_Java/lib/javafx.swing.jar:/home/dmitriy/PSU/javasql/LDV9_LAB8_Java/LDV9_LAB8_Java/lib/javafx.web.jar" />
    <property name="libs.javaee-api-6.0.javadoc" value="/app/netbeans/enterprise/docs/javaee-doc-api.jar" />
    <property name="libs.JWSAntTasks.maven-pom" value="" />
    <property name="javac.upgrademodulepath" value="" />
    <property name="run.modulepath" value=":/home/dmitriy/PSU/javasql/LDV9_LAB8_Java/LDV9_LAB8_Java/lib/javafx-swt.jar:/home/dmitriy/PSU/javasql/LDV9_LAB8_Java/LDV9_LAB8_Java/lib/javafx.base.jar:/home/dmitriy/PSU/javasql/LDV9_LAB8_Java/LDV9_LAB8_Java/lib/javafx.controls.jar:/home/dmitriy/PSU/javasql/LDV9_LAB8_Java/LDV9_LAB8_Java/lib/javafx.fxml.jar:/home/dmitriy/PSU/javasql/LDV9_LAB8_Java/LDV9_LAB8_Java/lib/javafx.graphics.jar:/home/dmitriy/PSU/javasql/LDV9_LAB8_Java/LDV9_LAB8_Java/lib/javafx.media.jar:/home/dmitriy/PSU/javasql/LDV9_LAB8_Java/LDV9_LAB8_Java/lib/javafx.swing.jar:/home/dmitriy/PSU/javasql/LDV9_LAB8_Java/LDV9_LAB8_Java/lib/javafx.web.jar" />
    <property name="jnlp.codebase.type" value="no.codebase" />
    <property name="do.archive+manifest.available" value="true" />
    <property name="apple.laf.useScreenMenuBar" value="true" />
    <property name="user.country" value="RU" />
    <property name="sun.java.launcher" value="SUN_STANDARD" />
    <property name="libs.jakartaee-api-9.0.maven-pom" value="" />
    <property name="libs.jpa20-persistence.src" value="" />
    <property name="libs.restapi.javadoc" value="" />
    <property name="endorsed.classpath" value="" />
    <property name="javac.test.sourcepath" value="/home/dmitriy/PSU/javasql/LDV9_LAB8_Java/LDV9_LAB8_Java/build/empty" />
    <property name="libs.spring-webmvc3.0.maven-pom" value="" />
    <property name="includes" value="**" />
    <property name="libs.jsf12.javadoc" value="/app/netbeans/enterprise/docs/javaee-doc-api.jar" />
    <property name="libs.hamcrest.classpath" value="/app/netbeans/platform/modules/ext/hamcrest-core-1.3.jar" />
    <property name="javadoc.splitindex" value="true" />
    <property name="libs.JWSAntTasks.classpath" value="/app/netbeans/java/ant/extra/org-netbeans-modules-javawebstart-anttasks.jar" />
    <property name="junit.available" value="true" />
    <property name="manifest.custom.application.library.allowable.codebase" value="" />
    <property name="javac.processormodulepath" value="" />
    <property name="javadoc.encoding" value="UTF-8" />
    <property name="libs.jstl.src" value="" />
    <property name="libs.jsp-compilation-syscp.maven-pom" value="" />
    <property name="netbeans.hash.code" value="unique=053862d3e-00d0-494f-8bc8-166108439b26_1bfc63ef-0647-4554-888a-5c53ea6d1c7e" />
    <property name="jlink.strip" value="false" />
    <property name="libs.spring-webmvc3.0.classpath" value="/app/netbeans/java/modules/ext/spring-3.0/spring-webmvc-3.2.18.RELEASE.jar" />
    <property name="netbeans.running.environment" value="gnome" />
    <property name="java.runtime.name" value="OpenJDK Runtime Environment" />
    <property name="manifest.available" value="true" />
    <property name="libs.jaxb.javadoc" value="/app/netbeans/ide/docs/jaxb-api-doc.jar" />
    <property name="libs.spring-framework500.maven-pom" value="" />
    <property name="run.jvmargs.ide" value="" />
    <property name="ant.file.LDV9_LAB8_Java" value="/home/dmitriy/PSU/javasql/LDV9_LAB8_Java/LDV9_LAB8_Java/build.xml" />
    <property name="ant.core.lib" value="/app/netbeans/extide/ant/lib/ant.jar" />
    <property name="libs.jsp-compilation.maven-pom" value="" />
    <property name="javac.profile.cmd.line.arg" value="" />
    <property name="libs.jakartaee-api-9.0.classpath" value="/app/netbeans/enterprise/modules/ext/jakarta.jakartaee-api-9.0.0.jar" />
    <property name="application.title" value="LDV9_LAB8_Java" />
    <property name="do.archive+main.class.available" value="true" />
    <property name="javac.test.modulepath" value="" />
    <property name="ignore.failing.tests" value="true" />
    <property name="libs.PostgreSQLDriver.javadoc" value="" />
    <property name="libs.jsp-compilation-syscp.classpath" value="/app/netbeans/extide/ant/lib/ant.jar:/app/netbeans/enterprise/modules/ext/servlet3.1-jsp2.3-api.jar:/app/netbeans/enterprise/modules/ext/glassfish-jspparser-4.0.jar:/app/netbeans/enterprise/modules/ext/jstl-impl.jar:/app/netbeans/enterprise/modules/ext/jsf-2_2/javax.faces.jar" />
    <property name="libs.jsp-compilation.classpath" value="/app/netbeans/extide/ant/lib/ant.jar:/app/netbeans/enterprise/modules/ext/servlet3.1-jsp2.3-api.jar:/app/netbeans/enterprise/modules/ext/glassfish-jspparser-4.0.jar:/app/netbeans/enterprise/modules/ext/jsf-2_2/javax.faces.jar:/app/netbeans/enterprise/modules/ext/jstl-api.jar:/app/netbeans/extide/ant/lib/ant-launcher.jar" />
    <property name="libs.javaee-api-6.0.classpath" value="/app/netbeans/enterprise/modules/ext/javaee-api-6.0.jar" />
    <property name="libs.javaee-api-7.0.classpath" value="/app/netbeans/enterprise/modules/ext/javaee-api-7.0.jar" />
    <property name="sun.cpu.isalist" value="" />
    <property name="libs.restapi.maven-pom" value="" />
    <property name="javadoc.preview" value="true" />
    <property name="do.depend" value="false" />
    <property name="sun.arch.data.model" value="64" />
    <property name="jnlp.signing.alias" value="" />
    <property name="libs.jakartaee-web-api-9.0.maven-pom" value="" />
    <property name="sun.font.fontmanager" value="sun.awt.X11FontManager" />
    <property name="libs.javaee-endorsed-api-7.0.src" value="" />
    <property name="libs.JavaFX19.src" value="" />
    <property name="annotation.processing.enabled" value="true" />
    <property name="libs.junit_5.src" value="/app/netbeans/platform/docs/junit-jupiter-api-5.6.0-sources.jar:/app/netbeans/platform/docs/junit-jupiter-params-5.6.0-sources.jar:/app/netbeans/platform/docs/junit-jupiter-engine-5.6.0-sources.jar" />
    <property name="libs.jaxb.classpath" value="/app/netbeans/ide/modules/ext/jaxb/jaxb-impl.jar:/app/netbeans/ide/modules/ext/jaxb/jaxb-xjc.jar:/app/netbeans/ide/modules/ext/jaxb/activation.jar:/app/netbeans/ide/modules/ext/jaxb/api/jaxb-api.jar" />
    <property name="libs.javaee-api-8.0.classpath" value="/app/netbeans/enterprise/modules/ext/javaee-api-8.0.jar" />
    <property name="auxiliary.org-netbeans-spi-editor-hints-projects.perProjectHintSettingsFile" value="nbproject/cfg_hints.xml" />
    <property name="libs.CopyLibs.src" value="" />
    <property name="java.specification.vendor" value="Oracle Corporation" />
    <property name="javac.source" value="11" />
    <property name="jdk.module.path" value="/home/dmitriy/PSU/javasql/LDV9_LAB8_Java/LDV9_LAB8_Java/lib" />
    <property name="java.version.date" value="2022-01-18" />
    <property name="java.home" value="/app/jdk" />
    <property name="work.dir" value="/home/dmitriy/PSU/javasql/LDV9_LAB8_Java/LDV9_LAB8_Java" />
    <property name="jna.boot.library.name" value="jnidispatch-nb" />
    <property name="javac.test.compilerargs" value="" />
    <property name="libs.PostgreSQLDriver.classpath" value="/app/netbeans/ide/modules/ext/postgresql-42.2.16.jar" />
    <property name="libs.graaljs.javadoc" value="" />
    <property name="libs.spring-webmvc3.0.javadoc" value="" />
    <property name="libs.JAXB-ENDORSED.src" value="" />
    <property name="manifest.encoding" value="UTF-8" />
    <property name="manifest.custom.permissions" value="" />
    <property name="sun.management.compiler" value="HotSpot 64-Bit Tiered Compilers" />
    <property name="libs.spring-framework400.src" value="" />
    <property name="run.test.modulepath" value="" />
    <property name="libs.graaljs.classpath" value="/app/netbeans/webcommon/modules/ext/js-20.3.0.jar:/app/netbeans/webcommon/modules/ext/js-launcher-20.3.0.jar:/app/netbeans/webcommon/modules/ext/regex-20.3.0.jar:/app/netbeans/webcommon/modules/ext/icu4j-67.1.jar:/app/netbeans/ide/modules/ext/graal-sdk-20.3.0.jar:/app/netbeans/ide/modules/ext/launcher-common-20.3.0.jar:/app/netbeans/ide/modules/ext/truffle-api-20.3.0.jar" />
    <property name="libs.javaee-web-api-6.0.classpath" value="/app/netbeans/enterprise/modules/ext/javaee-web-api-6.0.jar" />
    <property name="libs.jsp-compiler.javadoc" value="" />
    <property name="debug.test.modulepath" value="" />
    <property name="libs.javaee-web-api-7.0.classpath" value="/app/netbeans/enterprise/modules/ext/javaee-web-api-7.0.jar" />
    <property name="file.encoding" value="UTF-8" />
    <property name="java.util.logging.config.class" value="org.netbeans.core.startup.TopLogging" />
    <property name="https.nonProxyHosts" value="localhost|127.0.0.1|pop-os" />
    <property name="libs.restlib.javadoc" value="" />
    <property name="libs.absolutelayout.classpath" value="/app/netbeans/java/modules/ext/AbsoluteLayout.jar:/home/dmitriy/java:/home/dmitriy/PSU/javasql/openjfx-11_linux-x64_bin-sdk" />
    <property name="org.openide.awt.ActionReference.completion" value="org.netbeans.modules.apisupport.project.layers.PathCompletions" />
    <property name="do.archive" value="true" />
    <property name="libs.struts.maven-pom" value="" />
    <property name="java.awt.printerjob" value="sun.print.PSPrinterJob" />
    <property name="built-jar.properties" value="/home/dmitriy/PSU/javasql/LDV9_LAB8_Java/LDV9_LAB8_Java/build/built-jar.properties" />
    <property name="nb.native.filechooser" value="false" />
    <property name="libs.testng.src" value="" />
    <property name="platform.active" value="default_platform" />
    <property name="libs.javaee-web-api-8.0.classpath" value="/app/netbeans/enterprise/modules/ext/javaee-web-api-8.0.jar" />
    <property name="manifest.file" value="manifest.mf" />
    <property name="sun.io.unicode.encoding" value="UnicodeLittle" />
    <property name="ant.file.type.LDV9_LAB8_Java-impl" value="file" />
    <property name="libs.struts.javadoc" value="/app/netbeans/enterprise/docs/struts-1.3.10-javadoc.zip" />
    <property name="default.javac.source" value="11" />
    <property name="sun.desktop" value="gnome" />
    <property name="netbeans.dynamic.classpath" value="/app/netbeans/platform/core/asm-9.3.jar:/app/netbeans/platform/core/org-openide-filesystems.jar:/app/netbeans/platform/core/core-base.jar:/app/netbeans/platform/core/org-netbeans-libs-asm.jar:/app/netbeans/platform/core/asm-commons-9.3.jar:/app/netbeans/platform/core/core.jar:/app/netbeans/platform/core/org-openide-filesystems-compat8.jar:/app/netbeans/platform/core/asm-tree-9.3.jar:/app/netbeans/nb/core/org-netbeans-upgrader.jar:/app/netbeans/nb/core/locale/core_nb.jar" />
    <property name="libs.javaee-web-api-8.0.javadoc" value="/app/netbeans/enterprise/docs/javaee-doc-api.jar" />
    <property name="libs.eclipselinkmodelgen.classpath" value="/app/netbeans/java/modules/ext/eclipselink/org.eclipse.persistence.jpa.modelgen.processor-2.7.10.jar" />
    <property name="javac.systemmodulepath.cmd.line.arg" value="" />
    <property name="netbeans.buildnumber" value="15-387759c96ce1b891ec45ffaf524a53499455fe1a" />
    <property name="php.global.include.path" value="" />
    <property name="endorsed.classpath.cmd.line.arg" value="" />
    <property name="libs.jpa20-persistence.maven-pom" value="" />
    <property name="libs.CopyLibs.maven-pom" value="" />
    <property name="os.name" value="Linux" />
    <property name="build.sysclasspath" value="ignore" />
    <property name="libs.jakartaee-api-8.0.maven-pom" value="" />
    <property name="jdkBug6558476" value="false" />
    <property name="http.nonProxyHosts" value="localhost|127.0.0.1|pop-os" />
    <property name="javadoc.author" value="false" />
    <property name="main.class" value="javafxapplication.JavaFXApplication" />
    <property name="libs.jsp-compilation-syscp.javadoc" value="" />
    <property name="source.encoding" value="UTF-8" />
    <property name="jar.compress" value="false" />
    <property name="libs.javaee-api-7.0.javadoc" value="/app/netbeans/enterprise/docs/javaee-doc-api.jar" />
    <property name="libs.spring-webmvc5.0.src" value="" />
    <property name="jnlp.mixed.code" value="default" />
    <property name="libs.jsf20.maven-pom" value="" />
    <property name="java.awt.graphicsenv" value="sun.awt.X11GraphicsEnvironment" />
    <property name="libs.restlib.classpath" value="/app/netbeans/enterprise/modules/ext/jersey2/jakarta.annotation-api-1.3.5.jar:/app/netbeans/enterprise/modules/ext/jersey2/jakarta.persistence-api-2.2.3.jar:/app/netbeans/enterprise/modules/ext/jersey2/jakarta.servlet-api-4.0.4.jar:/app/netbeans/enterprise/modules/ext/jersey2/jakarta.validation-api-2.0.2.jar:/app/netbeans/enterprise/modules/ext/jersey2/jakarta.xml.bind-api-2.3.3.jar:/app/netbeans/enterprise/modules/ext/jersey2/jersey-client-2.34.jar:/app/netbeans/enterprise/modules/ext/jersey2/jersey-common-2.34.jar:/app/netbeans/enterprise/modules/ext/jersey2/jersey-server-2.34.jar:/app/netbeans/enterprise/modules/ext/jersey2/jersey-entity-filtering-2.34.jar:/app/netbeans/enterprise/modules/ext/jersey2/jersey-hk2-2.34.jar:/app/netbeans/enterprise/modules/ext/jersey2/jersey-media-moxy-2.34.jar:/app/netbeans/enterprise/modules/ext/jersey2/jersey-container-servlet-2.34.jar:/app/netbeans/enterprise/modules/ext/jersey2/jersey-container-servlet-core-2.34.jar:/app/netbeans/enterprise/modules/ext/jersey2/hk2-api-2.6.1.jar:/app/netbeans/enterprise/modules/ext/jersey2/hk2-locator-2.6.1.jar:/app/netbeans/enterprise/modules/ext/jersey2/hk2-utils-2.6.1.jar:/app/netbeans/enterprise/modules/ext/jersey2/jakarta.inject-2.6.1.jar:/app/netbeans/enterprise/modules/ext/jersey2/aopalliance-repackaged-2.6.1.jar:/app/netbeans/enterprise/modules/ext/jersey2/osgi.core-8.0.0.jar:/app/netbeans/enterprise/modules/ext/jersey2/osgi-resource-locator-1.0.3.jar:/app/netbeans/java/modules/ext/eclipselink/org.eclipse.persistence.core-2.7.10.jar:/app/netbeans/java/modules/ext/eclipselink/org.eclipse.persistence.asm-9.2.0.jar:/app/netbeans/java/modules/ext/eclipselink/org.eclipse.persistence.antlr-2.7.10.jar:/app/netbeans/java/modules/ext/eclipselink/org.eclipse.persistence.jpa-2.7.10.jar:/app/netbeans/java/modules/ext/eclipselink/org.eclipse.persistence.jpa.jpql-2.7.10.jar:/app/netbeans/java/modules/ext/eclipselink/org.eclipse.persistence.moxy-2.7.10.jar" />
    <property name="libs.jakartaee-web-api-8.0.javadoc" value="/app/netbeans/enterprise/docs/jakartaee8-doc-api.jar" />
    <property name="apple.awt.graphics.UseQuartz" value="true" />
    <property name="libs.graaljs.src" value="" />
    <property name="libs.MyLibrary.src" value="" />
    <property name="run.jvmargs" value="--module-path &quot;/home/dmitriy/PSU/javasql/LDV9_LAB8_Java/LDV9_LAB8_Java/lib&quot; --add-modules javafx.controls,javafx.fxml" />
    <property name="libs.primefaces.src" value="" />
    <property name="ant.file" value="/home/dmitriy/PSU/javasql/LDV9_LAB8_Java/LDV9_LAB8_Java/build.xml" />
    <property name="libs.struts.src" value="" />
    <property name="path.separator" value=":" />
    <property name="libs.JAXB-ENDORSED.classpath" value="/app/netbeans/ide/modules/ext/jaxb/api/jaxb-api.jar" />
    <property name="libs.restlib.src" value="" />
    <property name="libs.JavaFX19.javadoc" value="" />
    <property name="build.test.results.dir" value="build/test/results" />
    <property name="libs.jaxws21.javadoc" value="/app/netbeans/java/docs/jaxws-api-doc.zip" />
    <property name="libs.javaee-endorsed-api-6.0.javadoc" value="/app/netbeans/enterprise/docs/javaee-doc-api.jar" />
    <property name="libs.spring-framework400.maven-pom" value="" />
    <property name="ap.processors.internal" value="" />
    <property name="module.name" value="" />
    <property name="libs.spring-webmvc5.0.javadoc" value="" />
    <property name="libs.jsf12.classpath" value="/app/netbeans/enterprise/modules/ext/jsf-1_2/jsf-api.jar:/app/netbeans/enterprise/modules/ext/jsf-1_2/jsf-impl.jar" />
    <property name="libs.MyLibrary.classpath" value="" />
    <property name="libs.spring-framework400.javadoc" value="" />
    <property name="libs.hamcrest.javadoc" value="" />
    <property name="do.jar" value="true" />
    <property name="java.vm.info" value="mixed mode" />
    <property name="libs.primefaces.classpath" value="/app/netbeans/enterprise/modules/ext/primefaces/primefaces-5.0.jar" />
    <property name="libs.jaxws21.maven-pom" value="" />
    <property name="run.test.classpath" value="/home/dmitriy/PSU/javasql/LDV9_LAB8_Java/LDV9_LAB8_Java/lib/javafx-swt.jar:/home/dmitriy/PSU/javasql/LDV9_LAB8_Java/LDV9_LAB8_Java/lib/javafx.base.jar:/home/dmitriy/PSU/javasql/LDV9_LAB8_Java/LDV9_LAB8_Java/lib/javafx.controls.jar:/home/dmitriy/PSU/javasql/LDV9_LAB8_Java/LDV9_LAB8_Java/lib/javafx.fxml.jar:/home/dmitriy/PSU/javasql/LDV9_LAB8_Java/LDV9_LAB8_Java/lib/javafx.graphics.jar:/home/dmitriy/PSU/javasql/LDV9_LAB8_Java/LDV9_LAB8_Java/lib/javafx.media.jar:/home/dmitriy/PSU/javasql/LDV9_LAB8_Java/LDV9_LAB8_Java/lib/javafx.swing.jar:/home/dmitriy/PSU/javasql/LDV9_LAB8_Java/LDV9_LAB8_Java/lib/javafx.web.jar:build/classes:/app/netbeans/platform/modules/ext/junit-4.13.2.jar:/app/netbeans/platform/modules/ext/hamcrest-core-1.3.jar:build/test/classes" />
    <property name="dist.jlink.output" value="dist/jlink/LDV9_LAB8_Java" />
    <property name="javadoc.encoding.used" value="UTF-8" />
    <property name="java.class.version" value="55.0" />
    <property name="src.dir" value="src" />
    <property name="ant.project.default-target" value="default" />
    <property name="debug.classpath" value="/home/dmitriy/PSU/javasql/LDV9_LAB8_Java/LDV9_LAB8_Java/lib/javafx-swt.jar:/home/dmitriy/PSU/javasql/LDV9_LAB8_Java/LDV9_LAB8_Java/lib/javafx.base.jar:/home/dmitriy/PSU/javasql/LDV9_LAB8_Java/LDV9_LAB8_Java/lib/javafx.controls.jar:/home/dmitriy/PSU/javasql/LDV9_LAB8_Java/LDV9_LAB8_Java/lib/javafx.fxml.jar:/home/dmitriy/PSU/javasql/LDV9_LAB8_Java/LDV9_LAB8_Java/lib/javafx.graphics.jar:/home/dmitriy/PSU/javasql/LDV9_LAB8_Java/LDV9_LAB8_Java/lib/javafx.media.jar:/home/dmitriy/PSU/javasql/LDV9_LAB8_Java/LDV9_LAB8_Java/lib/javafx.swing.jar:/home/dmitriy/PSU/javasql/LDV9_LAB8_Java/LDV9_LAB8_Java/lib/javafx.web.jar:build/classes" />
    <property name="excludes" value="" />
    <property name="libs.javaee-api-7.0.src" value="" />
    <property name="libs.junit_4.javadoc" value="/app/netbeans/platform/docs/junit-4.13.2-javadoc.jar" />
    <property name="run.test.jvmargs" value="" />
    <property name="sun.jnu.encoding" value="UTF-8" />
    <property name="jnlp.offline-allowed" value="false" />
    <property name="libs.spring-webmvc4.0.src" value="" />
    <property name="sun.java2d.dpiaware" value="true" />
    <property name="main.class.available" value="true" />
    <property name="libs.jsf20.javadoc" value="/app/netbeans/enterprise/docs/javaee-doc-api.jar" />
    <property name="jar.archive.disabled" value="false" />
    <property name="netbeans.importclass" value="org.netbeans.upgrade.AutoUpgrade" />
    <property name="netbeans.autoupdate.version" value="1.23" />
    <property name="empty.dir" value="/home/dmitriy/PSU/javasql/LDV9_LAB8_Java/LDV9_LAB8_Java/build/empty" />
    <property name="platforms.Oracle_OpenJDK_8.0.342_7.bootclasspath" value="/home/dmitriy/NetBeansJDKs/OpenJDK8U-jdk_x64_linux_8u342b07.tar/openjdk-8u342-b07/jre/lib/resources.jar:/home/dmitriy/NetBeansJDKs/OpenJDK8U-jdk_x64_linux_8u342b07.tar/openjdk-8u342-b07/jre/lib/rt.jar:/home/dmitriy/NetBeansJDKs/OpenJDK8U-jdk_x64_linux_8u342b07.tar/openjdk-8u342-b07/jre/lib/sunrsasign.jar:/home/dmitriy/NetBeansJDKs/OpenJDK8U-jdk_x64_linux_8u342b07.tar/openjdk-8u342-b07/jre/lib/jsse.jar:/home/dmitriy/NetBeansJDKs/OpenJDK8U-jdk_x64_linux_8u342b07.tar/openjdk-8u342-b07/jre/lib/jce.jar:/home/dmitriy/NetBeansJDKs/OpenJDK8U-jdk_x64_linux_8u342b07.tar/openjdk-8u342-b07/jre/lib/charsets.jar:/home/dmitriy/NetBeansJDKs/OpenJDK8U-jdk_x64_linux_8u342b07.tar/openjdk-8u342-b07/jre/lib/jfr.jar:/home/dmitriy/NetBeansJDKs/OpenJDK8U-jdk_x64_linux_8u342b07.tar/openjdk-8u342-b07/jre/classes:/home/dmitriy/NetBeansJDKs/OpenJDK8U-jdk_x64_linux_8u342b07.tar/openjdk-8u342-b07/jre/lib/ext/sunpkcs11.jar:/home/dmitriy/NetBeansJDKs/OpenJDK8U-jdk_x64_linux_8u342b07.tar/openjdk-8u342-b07/jre/lib/ext/jaccess.jar:/home/dmitriy/NetBeansJDKs/OpenJDK8U-jdk_x64_linux_8u342b07.tar/openjdk-8u342-b07/jre/lib/ext/cldrdata.jar:/home/dmitriy/NetBeansJDKs/OpenJDK8U-jdk_x64_linux_8u342b07.tar/openjdk-8u342-b07/jre/lib/ext/sunec.jar:/home/dmitriy/NetBeansJDKs/OpenJDK8U-jdk_x64_linux_8u342b07.tar/openjdk-8u342-b07/jre/lib/ext/sunjce_provider.jar:/home/dmitriy/NetBeansJDKs/OpenJDK8U-jdk_x64_linux_8u342b07.tar/openjdk-8u342-b07/jre/lib/ext/localedata.jar:/home/dmitriy/NetBeansJDKs/OpenJDK8U-jdk_x64_linux_8u342b07.tar/openjdk-8u342-b07/jre/lib/ext/nashorn.jar:/home/dmitriy/NetBeansJDKs/OpenJDK8U-jdk_x64_linux_8u342b07.tar/openjdk-8u342-b07/jre/lib/ext/zipfs.jar:/home/dmitriy/NetBeansJDKs/OpenJDK8U-jdk_x64_linux_8u342b07.tar/openjdk-8u342-b07/jre/lib/ext/dnsns.jar" />
    <property name="netbeans.user" value="/home/dmitriy/.netbeans/15" />
    <property name="file.separator" value="/" />
    <property name="line.separator" value="&#xa;" />
    <property name="javadoc.additionalparam" value="" />
    <property name="jnlp.signed" value="false" />
    <property name="libs.spring-webmvc5.0.classpath" value="/app/netbeans/java/modules/ext/spring-5/spring-webmvc-5.2.9.RELEASE.jar" />
    <property name="libs.restlib.maven-pom" value="" />
    <property name="javac.debug" value="true" />
    <property name="libs.testng.classpath" value="/app/netbeans/platform/modules/ext/testng-6.14.3.jar:/app/netbeans/platform/modules/ext/jcommander-1.78.jar" />
    <property name="libs.jsp-compiler.src" value="" />
    <property name="user.name" value="dmitriy" />
    <property name="build.classes.dir" value="build/classes" />
    <property name="nb.junit.single" value="false" />
    <property name="javadoc.windowtitle" value="" />
    <property name="nb.internal.action.name" value="test" />
    <property name="libs.javaee-api-8.0.maven-pom" value="" />
    <property name="test.test.dir" value="test" />
    <property name="libs.jaxws21.src" value="" />
    <property name="libs.jakartaee-web-api-9.0.javadoc" value="/app/netbeans/enterprise/docs/jakartaee9-doc-api.jar" />
    <property name="jna.loaded" value="true" />
    <property name="libs.junit_5.maven-pom" value="" />
    <property name="libs.jpa20-persistence.javadoc" value="/app/netbeans/java/modules/ext/docs/jakarta.persistence-2.2.3-doc.zip" />
    <property name="ant.junit.enabletestlistenerevents" value="true" />
    <property name="libs.JWSAntTasks.src" value="" />
    <property name="libs.spring-webmvc3.0.src" value="" />
    <property name="ant.home" value="/app/netbeans/extide/ant" />
    <property name="have.tests" value="true" />
    <property name="debug.test.classpath" value="/home/dmitriy/PSU/javasql/LDV9_LAB8_Java/LDV9_LAB8_Java/lib/javafx-swt.jar:/home/dmitriy/PSU/javasql/LDV9_LAB8_Java/LDV9_LAB8_Java/lib/javafx.base.jar:/home/dmitriy/PSU/javasql/LDV9_LAB8_Java/LDV9_LAB8_Java/lib/javafx.controls.jar:/home/dmitriy/PSU/javasql/LDV9_LAB8_Java/LDV9_LAB8_Java/lib/javafx.fxml.jar:/home/dmitriy/PSU/javasql/LDV9_LAB8_Java/LDV9_LAB8_Java/lib/javafx.graphics.jar:/home/dmitriy/PSU/javasql/LDV9_LAB8_Java/LDV9_LAB8_Java/lib/javafx.media.jar:/home/dmitriy/PSU/javasql/LDV9_LAB8_Java/LDV9_LAB8_Java/lib/javafx.swing.jar:/home/dmitriy/PSU/javasql/LDV9_LAB8_Java/LDV9_LAB8_Java/lib/javafx.web.jar:build/classes:/app/netbeans/platform/modules/ext/junit-4.13.2.jar:/app/netbeans/platform/modules/ext/hamcrest-core-1.3.jar:build/test/classes" />
    <property name="javac.external.vm" value="true" />
    <property name="testng.debug.mode" value="" />
    <property name="jnlp.signing" value="" />
    <property name="javac.target" value="11" />
    <property name="ant.version" value="Apache Ant(TM) version 1.10.8 compiled on May 10 2020" />
    <property name="libs.absolutelayout.maven-pom" value="" />
    <property name="java.failonerror" value="true" />
    <property name="javac.modulepath" value="" />
    <property name="libs.spring-framework500.src" value="" />
    <property name="libs.javaee-api-6.0.src" value="" />
    <property name="user.properties.file" value="/home/dmitriy/.netbeans/15/build.properties" />
    <property name="netbeans.autoupdate.country" value="RU" />
    <property name="java.class.path" value="/home/dmitriy/PSU/javasql/LDV9_LAB8_Java/LDV9_LAB8_Java/lib/javafx-swt.jar:/home/dmitriy/PSU/javasql/LDV9_LAB8_Java/LDV9_LAB8_Java/lib/javafx.base.jar:/home/dmitriy/PSU/javasql/LDV9_LAB8_Java/LDV9_LAB8_Java/lib/javafx.controls.jar:/home/dmitriy/PSU/javasql/LDV9_LAB8_Java/LDV9_LAB8_Java/lib/javafx.fxml.jar:/home/dmitriy/PSU/javasql/LDV9_LAB8_Java/LDV9_LAB8_Java/lib/javafx.graphics.jar:/home/dmitriy/PSU/javasql/LDV9_LAB8_Java/LDV9_LAB8_Java/lib/javafx.media.jar:/home/dmitriy/PSU/javasql/LDV9_LAB8_Java/LDV9_LAB8_Java/lib/javafx.swing.jar:/home/dmitriy/PSU/javasql/LDV9_LAB8_Java/LDV9_LAB8_Java/lib/javafx.web.jar:/home/dmitriy/PSU/javasql/LDV9_LAB8_Java/LDV9_LAB8_Java/build/classes:/app/netbeans/platform/modules/ext/junit-4.13.2.jar:/app/netbeans/platform/modules/ext/hamcrest-core-1.3.jar:/home/dmitriy/PSU/javasql/LDV9_LAB8_Java/LDV9_LAB8_Java/build/test/classes:/app/netbeans/extide/ant/lib/ant-launcher.jar:/app/netbeans/extide/ant/lib/ant.jar:/app/netbeans/extide/ant/lib/ant-junit.jar:/app/netbeans/extide/ant/lib/ant-junit4.jar" />
    <property name="libs.javaee-web-api-6.0.maven-pom" value="" />
    <property name="java.vm.vendor" value="Flathub" />
    <property name="ap.supported.internal" value="true" />
    <property name="netbeans.home+have.tests" value="true" />
    <property name="test.binaryexcludes" value="" />
    <property name="libs.JavaFX19.classpath" value="/home/dmitriy/PSU/javasql/LDV9_LAB8_Java/LDV9_LAB8_Java/lib/javafx-swt.jar:/home/dmitriy/PSU/javasql/LDV9_LAB8_Java/LDV9_LAB8_Java/lib/javafx.base.jar:/home/dmitriy/PSU/javasql/LDV9_LAB8_Java/LDV9_LAB8_Java/lib/javafx.controls.jar:/home/dmitriy/PSU/javasql/LDV9_LAB8_Java/LDV9_LAB8_Java/lib/javafx.fxml.jar:/home/dmitriy/PSU/javasql/LDV9_LAB8_Java/LDV9_LAB8_Java/lib/javafx.graphics.jar:/home/dmitriy/PSU/javasql/LDV9_LAB8_Java/LDV9_LAB8_Java/lib/javafx.media.jar:/home/dmitriy/PSU/javasql/LDV9_LAB8_Java/LDV9_LAB8_Java/lib/javafx.swing.jar:/home/dmitriy/PSU/javasql/LDV9_LAB8_Java/LDV9_LAB8_Java/lib/javafx.web.jar" />
    <property name="javac.compilerargs" value="" />
    <property name="libs.jstl.maven-pom" value="" />
    <property name="libs.jakartaee-web-api-8.0.src" value="" />
    <property name="sun.cpu.endian" value="little" />
    <property name="libs.junit_4.src" value="/app/netbeans/platform/docs/junit-4.13.2-sources.jar" />
    <property name="libs.jakartaee-api-9.0.src" value="" />
    <property name="user.language" value="ru" />
    <property name="copylibs.rebase" value="true" />
    <property name="maven.defaultProjectBuilder.disableGlobalModelCache" value="true" />
    <property name="libs.javaee-web-api-6.0.src" value="" />
    <property name="javadoc.nonavbar" value="false" />
    <property name="platforms.Oracle_OpenJDK_17.0.2_8.compiler" value="modern" />
    <property name="libs.javaee-api-8.0.src" value="" />
    <property name="ant.java.version" value="11" />
    <property name="libs.junit_4.classpath" value="/app/netbeans/platform/modules/ext/junit-4.13.2.jar" />
    <property name="libs.jakartaee-api-9.0.javadoc" value="/app/netbeans/enterprise/docs/jakartaee9-doc-api.jar" />
    <property name="ant.file.LDV9_LAB8_Java-impl" value="/home/dmitriy/PSU/javasql/LDV9_LAB8_Java/LDV9_LAB8_Java/nbproject/build-impl.xml" />
    <property name="jlink.launcher.name" value="LDV9_LAB8_Java" />
    <property name="test.binarytestincludes" value="" />
    <property name="libs.junit_4.maven-pom" value="" />
    <property name="libs.spring-webmvc5.0.maven-pom" value="" />
    <property name="libs.jsp-compiler.maven-pom" value="" />
    <property name="runtime.encoding" value="UTF-8" />
    <property name="jlink.additionalmodules" value="" />
    <property name="javac.classpath" value="/home/dmitriy/PSU/javasql/LDV9_LAB8_Java/LDV9_LAB8_Java/lib/javafx-swt.jar:/home/dmitriy/PSU/javasql/LDV9_LAB8_Java/LDV9_LAB8_Java/lib/javafx.base.jar:/home/dmitriy/PSU/javasql/LDV9_LAB8_Java/LDV9_LAB8_Java/lib/javafx.controls.jar:/home/dmitriy/PSU/javasql/LDV9_LAB8_Java/LDV9_LAB8_Java/lib/javafx.fxml.jar:/home/dmitriy/PSU/javasql/LDV9_LAB8_Java/LDV9_LAB8_Java/lib/javafx.graphics.jar:/home/dmitriy/PSU/javasql/LDV9_LAB8_Java/LDV9_LAB8_Java/lib/javafx.media.jar:/home/dmitriy/PSU/javasql/LDV9_LAB8_Java/LDV9_LAB8_Java/lib/javafx.swing.jar:/home/dmitriy/PSU/javasql/LDV9_LAB8_Java/LDV9_LAB8_Java/lib/javafx.web.jar" />
    <property name="libs.jakartaee-web-api-8.0.classpath" value="/app/netbeans/enterprise/modules/ext/jakarta.jakartaee-web-api-8.0.0.jar" />
    <property name="dist.jlink.dir" value="dist/jlink" />
    <property name="nb.junit.batch" value="true" />
    <property name="build.test.classes.dir" value="build/test/classes" />
    <property name="libs.spring-framework300.maven-pom" value="" />
    <property name="ant.project.invoked-targets" value="test" />
    <property name="libs.JavaFX19.maven-pom" value="" />
    <property name="libs.jstl.classpath" value="/app/netbeans/enterprise/modules/ext/jstl-impl.jar:/app/netbeans/enterprise/modules/ext/jstl-api.jar" />
    <property name="ap.cmd.line.internal" value="" />
    <property name="jna.platform.library.path" value="/usr/lib/x86_64-linux-gnu:/lib/x86_64-linux-gnu:/usr/lib64:/lib64:/usr/lib:/lib:/usr/lib/x86_64-linux-gnu/GL/default/lib:/usr/lib/x86_64-linux-gnu/GL/nvidia-515-65-01/lib:/usr/lib/x86_64-linux-gnu/openh264/extra" />
    <property name="libs.PostgreSQLDriver.src" value="" />
    <property name="java.vendor.url.bug" value="https://bugreport.java.com/bugreport/" />
    <property name="ant.file.type.LDV9_LAB8_Java" value="file" />
    <property name="annotation.processing.source.output" value="build/generated-sources/ap-source-output" />
    <property name="libs.javaee-endorsed-api-6.0.maven-pom" value="" />
    <property name="user.dir" value="/home/dmitriy/PSU/javasql/LDV9_LAB8_Java/LDV9_LAB8_Java" />
    <property name="platform.java" value="/app/jdk/bin/java" />
    <property name="application.args" value="" />
    <property name="org.xml.sax.driver" value="com.sun.org.apache.xerces.internal.jaxp.SAXParserImpl$JAXPSAXParser" />
    <property name="libs.jakartaee-web-api-8.0.maven-pom" value="" />
    <property name="platforms.Oracle_OpenJDK_17.0.2_8.bootclasspath" value="/home/dmitriy/NetBeansJDKs/openjdk-17.0.2_linux-x64_bin.tar/jdk-17.0.2/!/modules/java.base/:/home/dmitriy/NetBeansJDKs/openjdk-17.0.2_linux-x64_bin.tar/jdk-17.0.2/!/modules/java.compiler/:/home/dmitriy/NetBeansJDKs/openjdk-17.0.2_linux-x64_bin.tar/jdk-17.0.2/!/modules/java.datatransfer/:/home/dmitriy/NetBeansJDKs/openjdk-17.0.2_linux-x64_bin.tar/jdk-17.0.2/!/modules/java.desktop/:/home/dmitriy/NetBeansJDKs/openjdk-17.0.2_linux-x64_bin.tar/jdk-17.0.2/!/modules/java.instrument/:/home/dmitriy/NetBeansJDKs/openjdk-17.0.2_linux-x64_bin.tar/jdk-17.0.2/!/modules/java.logging/:/home/dmitriy/NetBeansJDKs/openjdk-17.0.2_linux-x64_bin.tar/jdk-17.0.2/!/modules/java.management/:/home/dmitriy/NetBeansJDKs/openjdk-17.0.2_linux-x64_bin.tar/jdk-17.0.2/!/modules/java.management.rmi/:/home/dmitriy/NetBeansJDKs/openjdk-17.0.2_linux-x64_bin.tar/jdk-17.0.2/!/modules/java.naming/:/home/dmitriy/NetBeansJDKs/openjdk-17.0.2_linux-x64_bin.tar/jdk-17.0.2/!/modules/java.net.http/:/home/dmitriy/NetBeansJDKs/openjdk-17.0.2_linux-x64_bin.tar/jdk-17.0.2/!/modules/java.prefs/:/home/dmitriy/NetBeansJDKs/openjdk-17.0.2_linux-x64_bin.tar/jdk-17.0.2/!/modules/java.rmi/:/home/dmitriy/NetBeansJDKs/openjdk-17.0.2_linux-x64_bin.tar/jdk-17.0.2/!/modules/java.scripting/:/home/dmitriy/NetBeansJDKs/openjdk-17.0.2_linux-x64_bin.tar/jdk-17.0.2/!/modules/java.se/:/home/dmitriy/NetBeansJDKs/openjdk-17.0.2_linux-x64_bin.tar/jdk-17.0.2/!/modules/java.security.jgss/:/home/dmitriy/NetBeansJDKs/openjdk-17.0.2_linux-x64_bin.tar/jdk-17.0.2/!/modules/java.security.sasl/:/home/dmitriy/NetBeansJDKs/openjdk-17.0.2_linux-x64_bin.tar/jdk-17.0.2/!/modules/java.smartcardio/:/home/dmitriy/NetBeansJDKs/openjdk-17.0.2_linux-x64_bin.tar/jdk-17.0.2/!/modules/java.sql/:/home/dmitriy/NetBeansJDKs/openjdk-17.0.2_linux-x64_bin.tar/jdk-17.0.2/!/modules/java.sql.rowset/:/home/dmitriy/NetBeansJDKs/openjdk-17.0.2_linux-x64_bin.tar/jdk-17.0.2/!/modules/java.transaction.xa/:/home/dmitriy/NetBeansJDKs/openjdk-17.0.2_linux-x64_bin.tar/jdk-17.0.2/!/modules/java.xml/:/home/dmitriy/NetBeansJDKs/openjdk-17.0.2_linux-x64_bin.tar/jdk-17.0.2/!/modules/java.xml.crypto/:/home/dmitriy/NetBeansJDKs/openjdk-17.0.2_linux-x64_bin.tar/jdk-17.0.2/!/modules/jdk.accessibility/:/home/dmitriy/NetBeansJDKs/openjdk-17.0.2_linux-x64_bin.tar/jdk-17.0.2/!/modules/jdk.attach/:/home/dmitriy/NetBeansJDKs/openjdk-17.0.2_linux-x64_bin.tar/jdk-17.0.2/!/modules/jdk.charsets/:/home/dmitriy/NetBeansJDKs/openjdk-17.0.2_linux-x64_bin.tar/jdk-17.0.2/!/modules/jdk.compiler/:/home/dmitriy/NetBeansJDKs/openjdk-17.0.2_linux-x64_bin.tar/jdk-17.0.2/!/modules/jdk.crypto.cryptoki/:/home/dmitriy/NetBeansJDKs/openjdk-17.0.2_linux-x64_bin.tar/jdk-17.0.2/!/modules/jdk.crypto.ec/:/home/dmitriy/NetBeansJDKs/openjdk-17.0.2_linux-x64_bin.tar/jdk-17.0.2/!/modules/jdk.dynalink/:/home/dmitriy/NetBeansJDKs/openjdk-17.0.2_linux-x64_bin.tar/jdk-17.0.2/!/modules/jdk.editpad/:/home/dmitriy/NetBeansJDKs/openjdk-17.0.2_linux-x64_bin.tar/jdk-17.0.2/!/modules/jdk.hotspot.agent/:/home/dmitriy/NetBeansJDKs/openjdk-17.0.2_linux-x64_bin.tar/jdk-17.0.2/!/modules/jdk.httpserver/:/home/dmitriy/NetBeansJDKs/openjdk-17.0.2_linux-x64_bin.tar/jdk-17.0.2/!/modules/jdk.incubator.foreign/:/home/dmitriy/NetBeansJDKs/openjdk-17.0.2_linux-x64_bin.tar/jdk-17.0.2/!/modules/jdk.incubator.vector/:/home/dmitriy/NetBeansJDKs/openjdk-17.0.2_linux-x64_bin.tar/jdk-17.0.2/!/modules/jdk.internal.ed/:/home/dmitriy/NetBeansJDKs/openjdk-17.0.2_linux-x64_bin.tar/jdk-17.0.2/!/modules/jdk.internal.jvmstat/:/home/dmitriy/NetBeansJDKs/openjdk-17.0.2_linux-x64_bin.tar/jdk-17.0.2/!/modules/jdk.internal.le/:/home/dmitriy/NetBeansJDKs/openjdk-17.0.2_linux-x64_bin.tar/jdk-17.0.2/!/modules/jdk.internal.opt/:/home/dmitriy/NetBeansJDKs/openjdk-17.0.2_linux-x64_bin.tar/jdk-17.0.2/!/modules/jdk.internal.vm.ci/:/home/dmitriy/NetBeansJDKs/openjdk-17.0.2_linux-x64_bin.tar/jdk-17.0.2/!/modules/jdk.internal.vm.compiler/:/home/dmitriy/NetBeansJDKs/openjdk-17.0.2_linux-x64_bin.tar/jdk-17.0.2/!/modules/jdk.internal.vm.compiler.management/:/home/dmitriy/NetBeansJDKs/openjdk-17.0.2_linux-x64_bin.tar/jdk-17.0.2/!/modules/jdk.jartool/:/home/dmitriy/NetBeansJDKs/openjdk-17.0.2_linux-x64_bin.tar/jdk-17.0.2/!/modules/jdk.javadoc/:/home/dmitriy/NetBeansJDKs/openjdk-17.0.2_linux-x64_bin.tar/jdk-17.0.2/!/modules/jdk.jcmd/:/home/dmitriy/NetBeansJDKs/openjdk-17.0.2_linux-x64_bin.tar/jdk-17.0.2/!/modules/jdk.jconsole/:/home/dmitriy/NetBeansJDKs/openjdk-17.0.2_linux-x64_bin.tar/jdk-17.0.2/!/modules/jdk.jdeps/:/home/dmitriy/NetBeansJDKs/openjdk-17.0.2_linux-x64_bin.tar/jdk-17.0.2/!/modules/jdk.jdi/:/home/dmitriy/NetBeansJDKs/openjdk-17.0.2_linux-x64_bin.tar/jdk-17.0.2/!/modules/jdk.jdwp.agent/:/home/dmitriy/NetBeansJDKs/openjdk-17.0.2_linux-x64_bin.tar/jdk-17.0.2/!/modules/jdk.jfr/:/home/dmitriy/NetBeansJDKs/openjdk-17.0.2_linux-x64_bin.tar/jdk-17.0.2/!/modules/jdk.jlink/:/home/dmitriy/NetBeansJDKs/openjdk-17.0.2_linux-x64_bin.tar/jdk-17.0.2/!/modules/jdk.jpackage/:/home/dmitriy/NetBeansJDKs/openjdk-17.0.2_linux-x64_bin.tar/jdk-17.0.2/!/modules/jdk.jshell/:/home/dmitriy/NetBeansJDKs/openjdk-17.0.2_linux-x64_bin.tar/jdk-17.0.2/!/modules/jdk.jsobject/:/home/dmitriy/NetBeansJDKs/openjdk-17.0.2_linux-x64_bin.tar/jdk-17.0.2/!/modules/jdk.jstatd/:/home/dmitriy/NetBeansJDKs/openjdk-17.0.2_linux-x64_bin.tar/jdk-17.0.2/!/modules/jdk.localedata/:/home/dmitriy/NetBeansJDKs/openjdk-17.0.2_linux-x64_bin.tar/jdk-17.0.2/!/modules/jdk.management/:/home/dmitriy/NetBeansJDKs/openjdk-17.0.2_linux-x64_bin.tar/jdk-17.0.2/!/modules/jdk.management.agent/:/home/dmitriy/NetBeansJDKs/openjdk-17.0.2_linux-x64_bin.tar/jdk-17.0.2/!/modules/jdk.management.jfr/:/home/dmitriy/NetBeansJDKs/openjdk-17.0.2_linux-x64_bin.tar/jdk-17.0.2/!/modules/jdk.naming.dns/:/home/dmitriy/NetBeansJDKs/openjdk-17.0.2_linux-x64_bin.tar/jdk-17.0.2/!/modules/jdk.naming.rmi/:/home/dmitriy/NetBeansJDKs/openjdk-17.0.2_linux-x64_bin.tar/jdk-17.0.2/!/modules/jdk.net/:/home/dmitriy/NetBeansJDKs/openjdk-17.0.2_linux-x64_bin.tar/jdk-17.0.2/!/modules/jdk.nio.mapmode/:/home/dmitriy/NetBeansJDKs/openjdk-17.0.2_linux-x64_bin.tar/jdk-17.0.2/!/modules/jdk.random/:/home/dmitriy/NetBeansJDKs/openjdk-17.0.2_linux-x64_bin.tar/jdk-17.0.2/!/modules/jdk.sctp/:/home/dmitriy/NetBeansJDKs/openjdk-17.0.2_linux-x64_bin.tar/jdk-17.0.2/!/modules/jdk.security.auth/:/home/dmitriy/NetBeansJDKs/openjdk-17.0.2_linux-x64_bin.tar/jdk-17.0.2/!/modules/jdk.security.jgss/:/home/dmitriy/NetBeansJDKs/openjdk-17.0.2_linux-x64_bin.tar/jdk-17.0.2/!/modules/jdk.unsupported/:/home/dmitriy/NetBeansJDKs/openjdk-17.0.2_linux-x64_bin.tar/jdk-17.0.2/!/modules/jdk.unsupported.desktop/:/home/dmitriy/NetBeansJDKs/openjdk-17.0.2_linux-x64_bin.tar/jdk-17.0.2/!/modules/jdk.xml.dom/:/home/dmitriy/NetBeansJDKs/openjdk-17.0.2_linux-x64_bin.tar/jdk-17.0.2/!/modules/jdk.zipfs/" />
    <property name="libs.eclipselink.src" value="" />
    <property name="manifest.custom.codebase" value="" />
    <property name="java.vm.version" value="11.0.14+8" />
    <property name="libs.metro.javadoc" value="/app/netbeans/enterprise/docs/webservices-api-javadoc.jar:/app/netbeans/enterprise/docs/webservices-extra-javadoc.jar:/app/netbeans/enterprise/docs/webservices-extra-api-javadoc.jar:/app/netbeans/enterprise/docs/webservices-rt-javadoc.jar:/app/netbeans/enterprise/docs/webservices-tools-javadoc.jar" />
    <property name="libs.jakartaee-web-api-9.0.src" value="" />
    <property name="sun.awt.datatransfer.timeout" value="1000" />
    <property name="libs.jsp-compiler.classpath" value="/app/netbeans/enterprise/ant/extra/jspcompile.jar" />
    <property name="libs.jakartaee-api-8.0.src" value="" />
    <property name="junit.forkmode" value="perTest" />
    <property name="annotation.processing.run.all.processors" value="true" />
    <property name="libs.javaee-web-api-7.0.src" value="" />
    <property name="libs.javaee-endorsed-api-6.0.classpath" value="/app/netbeans/enterprise/modules/ext/javaee6-endorsed/javax.annotation.jar:/app/netbeans/enterprise/modules/ext/javaee6-endorsed/jaxb-api-osgi.jar:/app/netbeans/enterprise/modules/ext/javaee6-endorsed/webservices-api-osgi.jar" />
  </properties>
  <testcase classname="ldv9_JUnit.JUnitTest" name="test1FXML" time="0.009">
    <failure type="junit.framework.AssertionFailedError">junit.framework.AssertionFailedError
	at ldv9_JUnit.JUnitTest.test1FXML(JUnitTest.java:12)
	at java.base/jdk.internal.reflect.NativeMethodAccessorImpl.invoke0(Native Method)
	at java.base/jdk.internal.reflect.NativeMethodAccessorImpl.invoke(NativeMethodAccessorImpl.java:62)
	at java.base/jdk.internal.reflect.DelegatingMethodAccessorImpl.invoke(DelegatingMethodAccessorImpl.java:43)
</failure>
  </testcase>
  <testcase classname="ldv9_JUnit.JUnitTest" name="test2FXML" time="0.002">
    <failure message="Нет ошибки при делении на 0" type="junit.framework.AssertionFailedError">junit.framework.AssertionFailedError: Нет ошибки при делении на 0
	at ldv9_JUnit.JUnitTest.test2FXML(JUnitTest.java:21)
	at java.base/jdk.internal.reflect.NativeMethodAccessorImpl.invoke0(Native Method)
	at java.base/jdk.internal.reflect.NativeMethodAccessorImpl.invoke(NativeMethodAccessorImpl.java:62)
	at java.base/jdk.internal.reflect.DelegatingMethodAccessorImpl.invoke(DelegatingMethodAccessorImpl.java:43)
</failure>
  </testcase>
  <system-out><![CDATA[]]></system-out>
  <system-err><![CDATA[]]></system-err>
</testsuite>
